c:\git\allegro_pacman\pacman\pacman\release\vc141.pdb
c:\git\allegro_pacman\pacman\pacman\release\sprite.obj
c:\git\allegro_pacman\pacman\pacman\release\scenemanager.obj
c:\git\allegro_pacman\pacman\pacman\release\rocket.obj
c:\git\allegro_pacman\pacman\pacman\release\object.obj
c:\git\allegro_pacman\pacman\pacman\release\mapmanager.obj
c:\git\allegro_pacman\pacman\pacman\release\main.obj
c:\git\allegro_pacman\pacman\pacman\release\imagemanager.obj
c:\git\allegro_pacman\pacman\pacman\release\pika.obj
c:\git\allegro_pacman\pacman\pacman\release\node.obj
c:\git\allegro_pacman\pacman\pacman\release\gamemanager.obj
c:\git\allegro_pacman\pacman\pacman\release\controllmanager.obj
c:\git\allegro_pacman\pacman\release\pacman.exe
c:\git\allegro_pacman\pacman\release\pacman.pdb
c:\git\allegro_pacman\pacman\release\pacman.ipdb
c:\git\allegro_pacman\pacman\release\pacman.iobj
c:\git\allegro_pacman\pacman\pacman\release\pacman.tlog\cl.command.1.tlog
c:\git\allegro_pacman\pacman\pacman\release\pacman.tlog\cl.read.1.tlog
c:\git\allegro_pacman\pacman\pacman\release\pacman.tlog\cl.write.1.tlog
c:\git\allegro_pacman\pacman\pacman\release\pacman.tlog\link.command.1.tlog
c:\git\allegro_pacman\pacman\pacman\release\pacman.tlog\link.read.1.tlog
c:\git\allegro_pacman\pacman\pacman\release\pacman.tlog\link.write.1.tlog
c:\git\allegro_pacman\pacman\pacman\release\pacman.tlog\pacman.write.1u.tlog
