  Ghost.cpp
c:\users\lsy\documents\visual studio 2017\projects\pacman\pacman\object.h(18): warning C4018: '<': signed 또는 unsigned가 일치하지 않습니다.
c:\users\lsy\documents\visual studio 2017\projects\pacman\pacman\ghost.cpp(15): warning C4018: '<': signed 또는 unsigned가 일치하지 않습니다.
c:\users\lsy\documents\visual studio 2017\projects\pacman\pacman\ghost.cpp(49): error C2146: 구문 오류: ';'이(가) 'm_score' 식별자 앞에 없습니다.
  코드를 생성하고 있습니다...
  컴파일하고 있습니다...
  GameManager.cpp
c:\users\lsy\documents\visual studio 2017\projects\pacman\pacman\object.h(18): warning C4018: '<': signed 또는 unsigned가 일치하지 않습니다.
  코드를 생성하고 있습니다...
  컴파일하고 있습니다...
  SceneManager.cpp
c:\users\lsy\documents\visual studio 2017\projects\pacman\pacman\object.h(18): warning C4018: '<': signed 또는 unsigned가 일치하지 않습니다.
c:\users\lsy\documents\visual studio 2017\projects\pacman\pacman\scenemanager.cpp(69): warning C4018: '<': signed 또는 unsigned가 일치하지 않습니다.
c:\users\lsy\documents\visual studio 2017\projects\pacman\pacman\scenemanager.cpp(77): warning C4018: '<': signed 또는 unsigned가 일치하지 않습니다.
  Main.cpp
c:\users\lsy\documents\visual studio 2017\projects\pacman\pacman\object.h(18): warning C4018: '<': signed 또는 unsigned가 일치하지 않습니다.
  코드를 생성하고 있습니다...
  건너뛰고 있습니다... (관련된 변경 내용 없음)
  Sprite.cpp
  Object.cpp
  MapManager.cpp
  ImageManager.cpp
